d:\老电脑文件\桌面\qt\xmlread\xmlread\x64\debug\vc140.pdb
d:\老电脑文件\桌面\qt\xmlread\xmlread\x64\debug\xmlread.obj
d:\老电脑文件\桌面\qt\xmlread\xmlread\x64\debug\main.obj
d:\老电脑文件\桌面\qt\xmlread\xmlread\x64\debug\moc_xmlread.obj
d:\老电脑文件\桌面\qt\xmlread\xmlread\x64\debug\qrc_xmlread.obj
c:\users\lincheng\desktop\xmlread\xmlread\x64\debug\vc140.pdb
c:\users\lincheng\desktop\xmlread\xmlread\x64\debug\xmlread.obj
c:\users\lincheng\desktop\xmlread\xmlread\x64\debug\main.obj
c:\users\lincheng\desktop\xmlread\xmlread\x64\debug\moc_xmlread.obj
c:\users\lincheng\desktop\xmlread\xmlread\x64\debug\qrc_xmlread.obj
d:\老电脑文件\桌面\qt\xmlread\xmlread\generatedfiles\debug\moc_xmlread.cpp
d:\老电脑文件\桌面\qt\xmlread\xmlread\generatedfiles\ui_xmlread.h
d:\老电脑文件\桌面\qt\xmlread\xmlread\generatedfiles\qrc_xmlread.cpp
c:\users\lincheng\desktop\xmlread\xmlread\generatedfiles\debug\moc_xmlread.cpp
c:\users\lincheng\desktop\xmlread\xmlread\generatedfiles\ui_xmlread.h
c:\users\lincheng\desktop\xmlread\xmlread\generatedfiles\qrc_xmlread.cpp
d:\老电脑文件\桌面\qt\xmlread\x64\debug\xmlread.ilk
d:\老电脑文件\桌面\qt\xmlread\x64\debug\xmlread.exe
d:\老电脑文件\桌面\qt\xmlread\x64\debug\xmlread.pdb
c:\users\lincheng\desktop\xmlread\x64\debug\xmlread.ilk
c:\users\lincheng\desktop\xmlread\x64\debug\xmlread.exe
c:\users\lincheng\desktop\xmlread\x64\debug\xmlread.pdb
c:\users\lincheng\desktop\xmlread\xmlread\x64\debug\xmlread.tlog\cl.command.1.tlog
c:\users\lincheng\desktop\xmlread\xmlread\x64\debug\xmlread.tlog\cl.read.1.tlog
c:\users\lincheng\desktop\xmlread\xmlread\x64\debug\xmlread.tlog\cl.write.1.tlog
c:\users\lincheng\desktop\xmlread\xmlread\x64\debug\xmlread.tlog\custombuild.command.1.tlog
c:\users\lincheng\desktop\xmlread\xmlread\x64\debug\xmlread.tlog\custombuild.read.1.tlog
c:\users\lincheng\desktop\xmlread\xmlread\x64\debug\xmlread.tlog\custombuild.write.1.tlog
c:\users\lincheng\desktop\xmlread\xmlread\x64\debug\xmlread.tlog\link.command.1.tlog
c:\users\lincheng\desktop\xmlread\xmlread\x64\debug\xmlread.tlog\link.read.1.tlog
c:\users\lincheng\desktop\xmlread\xmlread\x64\debug\xmlread.tlog\link.write.1.tlog
